<?xml version="1.0" encoding="UTF-8"?>
<!-- Generated by org.testng.reporters.JUnitReportReporter -->
<testsuite hostname="LAPTOP-KNL22F4G" failures="0" tests="1" name="testPackage.ActiTimeCreateProjects_Customers" time="11.270" errors="0" timestamp="2023-09-27T15:09:07 IST" skipped="0">
  <testcase classname="testPackage.ActiTimeCreateProjects_Customers" name="createValidCustomer_ProjectTestScript" time="11.270"/>
</testsuite> <!-- testPackage.ActiTimeCreateProjects_Customers -->
