<?xml version="1.0" encoding="UTF-8"?>
<!-- Generated by org.testng.reporters.JUnitReportReporter -->
<testsuite hostname="LAPTOP-KNL22F4G" failures="0" tests="1" name="testPackage.ActiTimeCreateManagers" time="7.010" errors="0" timestamp="2023-09-27T15:08:08 IST" skipped="0">
  <testcase classname="testPackage.ActiTimeCreateManagers" name="createNewManagerTestScript" time="7.010"/>
</testsuite> <!-- testPackage.ActiTimeCreateManagers -->
