<?xml version="1.0" encoding="UTF-8"?>
<!-- Generated by org.testng.reporters.JUnitReportReporter -->
<testsuite hostname="LAPTOP-KNL22F4G" failures="0" tests="1" name="testPackage.ActiTimeDeleteTestCase" time="5.603" errors="0" timestamp="2023-09-27T15:09:45 IST" skipped="0">
  <testcase classname="testPackage.ActiTimeDeleteTestCase" name="deleteTestScript" time="5.603"/>
</testsuite> <!-- testPackage.ActiTimeDeleteTestCase -->
