<?xml version="1.0" encoding="UTF-8"?>
<!-- Generated by org.testng.reporters.JUnitReportReporter -->
<testsuite hostname="LAPTOP-KNL22F4G" failures="0" tests="1" name="testPackage.ActiTimeInvalidLoginTestCase" time="23.153" errors="0" timestamp="2023-09-26T15:07:07 IST" skipped="0">
  <testcase classname="testPackage.ActiTimeInvalidLoginTestCase" name="invalidLoginTestScript" time="23.153"/>
</testsuite> <!-- testPackage.ActiTimeInvalidLoginTestCase -->
