<?xml version="1.0" encoding="UTF-8"?>
<!-- Generated by org.testng.reporters.JUnitReportReporter -->
<testsuite hostname="LAPTOP-KNL22F4G" failures="0" tests="1" name="testPackage.ActiTimeInvalidLoginTestCase" time="24.126" errors="0" timestamp="2023-09-27T15:01:09 IST" skipped="0">
  <testcase classname="testPackage.ActiTimeInvalidLoginTestCase" name="invalidLoginTestScript" time="24.126"/>
  <system-out>
    <![CDATA[createValidCustomer_ProjectTestScript method failed & taken ScreenShot]]>
  </system-out>
</testsuite> <!-- testPackage.ActiTimeInvalidLoginTestCase -->
