<?xml version="1.0" encoding="UTF-8"?>
<!-- Generated by org.testng.reporters.JUnitReportReporter -->
<testsuite hostname="LAPTOP-KNL22F4G" failures="0" tests="1" name="testPackage.ActiTimeCreateProjects_Customers" time="7.644" errors="0" timestamp="2023-09-26T15:07:07 IST" skipped="0">
  <testcase classname="testPackage.ActiTimeCreateProjects_Customers" name="createValidCustomer_ProjectTestScript" time="7.644"/>
</testsuite> <!-- testPackage.ActiTimeCreateProjects_Customers -->
