<?xml version="1.0" encoding="UTF-8"?>
<!-- Generated by org.testng.reporters.JUnitReportReporter -->
<testsuite hostname="LAPTOP-KNL22F4G" failures="0" tests="2" name="testNGExecution.TestNGClass1" time="0.011" errors="0" timestamp="2023-09-16T14:37:14 IST" skipped="0">
  <testcase classname="testNGExecution.TestNGClass1" name="method1" time="0.009">
    <system-out>
      <![CDATA[TestNGClass1 : Method1]]>
    </system-out>
  </testcase> <!-- method1 -->
  <testcase classname="testNGExecution.TestNGClass1" name="method2" time="0.002">
    <system-out>
      <![CDATA[TestNGClass1 : Method2]]>
    </system-out>
  </testcase> <!-- method2 -->
  <system-out>
    <![CDATA[TestNGClass1 : Method1
TestNGClass1 : Method2
TestNGClass2 : Method3
TestNGClass3 : Method5
TestNGClass3 : Method6]]>
  </system-out>
</testsuite> <!-- testNGExecution.TestNGClass1 -->
