<?xml version="1.0" encoding="UTF-8"?>
<!-- Generated by org.testng.reporters.JUnitReportReporter -->
<testsuite hostname="LAPTOP-KNL22F4G" failures="0" tests="2" name="testNGAnnotations_Flags.TestNG_Annotations" time="0.010" errors="0" timestamp="2023-09-18T13:55:09 IST" skipped="0">
  <testcase classname="testNGAnnotations_Flags.TestNG_Annotations" name="method_test_annotation1" time="0.008">
    <system-out>
      <![CDATA[TestAnnotation1]]>
    </system-out>
  </testcase> <!-- method_test_annotation1 -->
  <testcase classname="testNGAnnotations_Flags.TestNG_Annotations" name="method_test_annotation2" time="0.002">
    <system-out>
      <![CDATA[TestAnnotation2]]>
    </system-out>
  </testcase> <!-- method_test_annotation2 -->
  <system-out>
    <![CDATA[BeforeSuiteAnnotation
BeforeTestAnnotation
BeforeClassAnnotation
BeforeMethodAnnotation
TestAnnotation1
AfterMethodAnnotation
BeforeMethodAnnotation
TestAnnotation2
AfterMethodAnnotation
AfterClassAnnotation
AfterTestAnnotation
AfterSuiteAnnotation]]>
  </system-out>
</testsuite> <!-- testNGAnnotations_Flags.TestNG_Annotations -->
