<?xml version="1.0" encoding="UTF-8"?>
<!-- Generated by org.testng.reporters.JUnitReportReporter -->
<testsuite hostname="LAPTOP-KNL22F4G" failures="0" tests="1" name="testNGExecution.SearchSelenium" time="5.817" errors="0" timestamp="2023-09-16T14:37:03 IST" skipped="0">
  <testcase classname="testNGExecution.SearchSelenium" name="search_selenium_in_edge" time="5.817">
    <system-out>
      <![CDATA[Selenium]]>
    </system-out>
  </testcase> <!-- search_selenium_in_edge -->
  <system-out>
    <![CDATA[java
Selenium
SQL]]>
  </system-out>
</testsuite> <!-- testNGExecution.SearchSelenium -->
