<?xml version="1.0" encoding="UTF-8"?>
<!-- Generated by org.testng.reporters.JUnitReportReporter -->
<testsuite hostname="LAPTOP-KNL22F4G" failures="0" tests="1" name="testNGExecution.TestNGClass2" time="0.011" errors="0" timestamp="2023-09-16T14:39:22 IST" skipped="0">
  <testcase classname="testNGExecution.TestNGClass2" name="method4" time="0.011">
    <system-out>
      <![CDATA[TestNGClass2 : Method4]]>
    </system-out>
  </testcase> <!-- method4 -->
  <system-out>
    <![CDATA[TestNGClass2 : Method4]]>
  </system-out>
</testsuite> <!-- testNGExecution.TestNGClass2 -->
