<?xml version="1.0" encoding="UTF-8"?>
<!-- Generated by org.testng.reporters.JUnitReportReporter -->
<testsuite hostname="LAPTOP-KNL22F4G" failures="0" tests="2" name="testNGPackage.Demo" time="0.012" errors="0" timestamp="2023-09-16T13:42:22 IST" skipped="0">
  <testcase classname="testNGPackage.Demo" name="method1" time="0.011">
    <system-out>
      <![CDATA[DEMO CLASS : Method1]]>
    </system-out>
  </testcase> <!-- method1 -->
  <testcase classname="testNGPackage.Demo" name="method2" time="0.001">
    <system-out>
      <![CDATA[DEMO CLASS : Method2]]>
    </system-out>
  </testcase> <!-- method2 -->
  <system-out>
    <![CDATA[DEMO CLASS : Method1
DEMO CLASS : Method2
REMO CLASS : Method3
REMO CLASS : Method4
SUMO CLASS : Method5
SUMO CLASS : Method6]]>
  </system-out>
</testsuite> <!-- testNGPackage.Demo -->
