<?xml version="1.0" encoding="UTF-8"?>
<!-- Generated by org.testng.reporters.JUnitReportReporter -->
<testsuite hostname="LAPTOP-KNL22F4G" failures="0" tests="5" name="testNGAnnotations_Flags.ActiTimeDataProvider" time="10.706" errors="0" timestamp="2023-09-22T14:43:42 IST" skipped="0">
  <testcase classname="testNGAnnotations_Flags.ActiTimeDataProvider" name="invalidLoginMethod" time="1.750"/>
  <testcase classname="testNGAnnotations_Flags.ActiTimeDataProvider" name="invalidLoginMethod" time="1.760"/>
  <testcase classname="testNGAnnotations_Flags.ActiTimeDataProvider" name="invalidLoginMethod" time="1.822"/>
  <testcase classname="testNGAnnotations_Flags.ActiTimeDataProvider" name="invalidLoginMethod" time="3.583"/>
  <testcase classname="testNGAnnotations_Flags.ActiTimeDataProvider" name="invalidLoginMethod" time="1.791"/>
</testsuite> <!-- testNGAnnotations_Flags.ActiTimeDataProvider -->
