<?xml version="1.0" encoding="UTF-8"?>
<!-- Generated by org.testng.reporters.JUnitReportReporter -->
<testsuite hostname="LAPTOP-KNL22F4G" failures="0" tests="3" name="testNGAnnotations_Flags.Flag1" time="0.013" errors="0" timestamp="2023-09-20T13:27:16 IST" skipped="0">
  <testcase classname="testNGAnnotations_Flags.Flag1" name="method2" time="0.002">
    <system-out>
      <![CDATA[Method2]]>
    </system-out>
  </testcase> <!-- method2 -->
  <testcase classname="testNGAnnotations_Flags.Flag1" name="method1" time="0.009">
    <system-out>
      <![CDATA[Method1]]>
    </system-out>
  </testcase> <!-- method1 -->
  <testcase classname="testNGAnnotations_Flags.Flag1" name="method3" time="0.002">
    <system-out>
      <![CDATA[Method3]]>
    </system-out>
  </testcase> <!-- method3 -->
  <system-out>
    <![CDATA[Method1
Method2
Method3]]>
  </system-out>
</testsuite> <!-- testNGAnnotations_Flags.Flag1 -->
