<?xml version="1.0" encoding="UTF-8"?>
<!-- Generated by org.testng.reporters.JUnitReportReporter -->
<testsuite hostname="LAPTOP-KNL22F4G" failures="0" tests="2" name="testNGExecution.SearchJava" time="15.727" errors="0" timestamp="2023-09-17T10:46:13 IST" skipped="0">
  <testcase classname="testNGExecution.SearchJava" name="java_serach_in_chrome" time="6.750">
    <system-out>
      <![CDATA[java]]>
    </system-out>
  </testcase> <!-- java_serach_in_chrome -->
  <testcase classname="testNGExecution.SearchJava" name="java_serach_in_chrome" time="8.977">
    <system-out>
      <![CDATA[java]]>
    </system-out>
  </testcase> <!-- java_serach_in_chrome -->
  <system-out>
    <![CDATA[java
Selenium
Selenium
java]]>
  </system-out>
</testsuite> <!-- testNGExecution.SearchJava -->
