<?xml version="1.0" encoding="UTF-8"?>
<!-- Generated by org.testng.reporters.JUnitReportReporter -->
<testsuite hostname="LAPTOP-KNL22F4G" failures="0" tests="10" name="testNGAnnotations_Flags.Flag4" time="0.026" errors="0" timestamp="2023-09-20T13:55:06 IST" skipped="0">
  <testcase classname="testNGAnnotations_Flags.Flag4" name="f" time="0.008"/>
  <testcase classname="testNGAnnotations_Flags.Flag4" name="z" time="0.001"/>
  <testcase classname="testNGAnnotations_Flags.Flag4" name="r" time="0.001"/>
  <testcase classname="testNGAnnotations_Flags.Flag4" name="w" time="0.002"/>
  <testcase classname="testNGAnnotations_Flags.Flag4" name="c" time="0.002"/>
  <testcase classname="testNGAnnotations_Flags.Flag4" name="a" time="0.001"/>
  <testcase classname="testNGAnnotations_Flags.Flag4" name="l" time="0.005"/>
  <testcase classname="testNGAnnotations_Flags.Flag4" name="g" time="0.002"/>
  <testcase classname="testNGAnnotations_Flags.Flag4" name="q" time="0.001"/>
  <testcase classname="testNGAnnotations_Flags.Flag4" name="h" time="0.003"/>
</testsuite> <!-- testNGAnnotations_Flags.Flag4 -->
