<?xml version="1.0" encoding="UTF-8"?>
<!-- Generated by org.testng.reporters.JUnitReportReporter -->
<testsuite hostname="LAPTOP-KNL22F4G" failures="0" tests="1" name="testNGExecution.SearchJava" time="6.866" errors="0" timestamp="2023-09-16T14:37:03 IST" skipped="0">
  <testcase classname="testNGExecution.SearchJava" name="java_serach_in_chrome" time="6.866">
    <system-out>
      <![CDATA[java]]>
    </system-out>
  </testcase> <!-- java_serach_in_chrome -->
  <system-out>
    <![CDATA[java
Selenium
SQL]]>
  </system-out>
</testsuite> <!-- testNGExecution.SearchJava -->
