<?xml version="1.0" encoding="UTF-8"?>
<!-- Generated by org.testng.reporters.JUnitReportReporter -->
<testsuite hostname="LAPTOP-KNL22F4G" failures="0" tests="2" name="testNGExecution.SearchSelenium" time="13.806" errors="0" timestamp="2023-09-17T10:46:13 IST" skipped="0">
  <testcase classname="testNGExecution.SearchSelenium" name="search_selenium_in_edge" time="6.421">
    <system-out>
      <![CDATA[Selenium]]>
    </system-out>
  </testcase> <!-- search_selenium_in_edge -->
  <testcase classname="testNGExecution.SearchSelenium" name="search_selenium_in_edge" time="7.385">
    <system-out>
      <![CDATA[Selenium]]>
    </system-out>
  </testcase> <!-- search_selenium_in_edge -->
  <system-out>
    <![CDATA[java
Selenium
Selenium
java]]>
  </system-out>
</testsuite> <!-- testNGExecution.SearchSelenium -->
