<?xml version="1.0" encoding="UTF-8"?>
<!-- Generated by org.testng.reporters.JUnitReportReporter -->
<testsuite hostname="LAPTOP-KNL22F4G" failures="0" tests="2" name="testNGAnnotations_Flags.GoogleSearchTestCase" time="9.470" errors="0" timestamp="2023-09-18T14:23:31 IST" skipped="0">
  <testcase classname="testNGAnnotations_Flags.GoogleSearchTestCase" name="search_for_java" time="6.024"/>
  <testcase classname="testNGAnnotations_Flags.GoogleSearchTestCase" name="search_for_selenium" time="3.446"/>
</testsuite> <!-- testNGAnnotations_Flags.GoogleSearchTestCase -->
