<?xml version="1.0" encoding="UTF-8"?>
<!-- Generated by org.testng.reporters.JUnitReportReporter -->
<testsuite hostname="LAPTOP-KNL22F4G" failures="0" tests="12" name="testNGAnnotations_Flags.Flag6" time="0.030" errors="0" timestamp="2023-09-20T15:12:13 IST" skipped="0">
  <testcase classname="testNGAnnotations_Flags.Flag6" name="it1" time="0.002"/>
  <testcase classname="testNGAnnotations_Flags.Flag6" name="it2" time="0.002"/>
  <testcase classname="testNGAnnotations_Flags.Flag6" name="ft6" time="0.002"/>
  <testcase classname="testNGAnnotations_Flags.Flag6" name="it3" time="0.002"/>
  <testcase classname="testNGAnnotations_Flags.Flag6" name="ft5" time="0.003"/>
  <testcase classname="testNGAnnotations_Flags.Flag6" name="ft3" time="0.001"/>
  <testcase classname="testNGAnnotations_Flags.Flag6" name="it4" time="0.001"/>
  <testcase classname="testNGAnnotations_Flags.Flag6" name="it6" time="0.001"/>
  <testcase classname="testNGAnnotations_Flags.Flag6" name="ft1" time="0.011"/>
  <testcase classname="testNGAnnotations_Flags.Flag6" name="ft4" time="0.002"/>
  <testcase classname="testNGAnnotations_Flags.Flag6" name="it5" time="0.001"/>
  <testcase classname="testNGAnnotations_Flags.Flag6" name="ft2" time="0.002"/>
</testsuite> <!-- testNGAnnotations_Flags.Flag6 -->
