<?xml version="1.0" encoding="UTF-8"?>
<!-- Generated by org.testng.reporters.JUnitReportReporter -->
<testsuite hostname="LAPTOP-KNL22F4G" failures="0" tests="2" name="testNGExecution.TestNGClass3" time="0.015" errors="0" timestamp="2023-09-17T11:15:01 IST" skipped="0">
  <testcase classname="testNGExecution.TestNGClass3" name="method6" time="0.003">
    <system-out>
      <![CDATA[TestNGClass3 : Method6]]>
    </system-out>
  </testcase> <!-- method6 -->
  <testcase classname="testNGExecution.TestNGClass3" name="method5" time="0.012">
    <system-out>
      <![CDATA[TestNGClass3 : Method5]]>
    </system-out>
  </testcase> <!-- method5 -->
  <system-out>
    <![CDATA[TestNGClass1 : Method1
TestNGClass2 : Method4
TestNGClass1 : Method2
TestNGClass3 : Method5
TestNGClass2 : Method3
TestNGClass3 : Method6]]>
  </system-out>
</testsuite> <!-- testNGExecution.TestNGClass3 -->
