<?xml version="1.0" encoding="UTF-8"?>
<!-- Generated by org.testng.reporters.JUnitReportReporter -->
<testsuite hostname="LAPTOP-KNL22F4G" failures="0" tests="2" name="testNGExecution.SelectBrowser" time="14.321" errors="0" timestamp="2023-09-17T12:17:55 IST" skipped="0">
  <testcase classname="testNGExecution.SelectBrowser" name="select_Browser_method" time="7.658"/>
  <testcase classname="testNGExecution.SelectBrowser" name="select_Browser_method" time="6.663"/>
</testsuite> <!-- testNGExecution.SelectBrowser -->
