<?xml version="1.0" encoding="UTF-8"?>
<!-- Generated by org.testng.reporters.JUnitReportReporter -->
<testsuite hostname="LAPTOP-KNL22F4G" failures="0" tests="2" name="testNGExecution.TestNGClass3" time="0.003" errors="0" timestamp="2023-09-16T14:37:14 IST" skipped="0">
  <testcase classname="testNGExecution.TestNGClass3" name="method6" time="0.001">
    <system-out>
      <![CDATA[TestNGClass3 : Method6]]>
    </system-out>
  </testcase> <!-- method6 -->
  <testcase classname="testNGExecution.TestNGClass3" name="method5" time="0.002">
    <system-out>
      <![CDATA[TestNGClass3 : Method5]]>
    </system-out>
  </testcase> <!-- method5 -->
  <system-out>
    <![CDATA[TestNGClass1 : Method1
TestNGClass1 : Method2
TestNGClass2 : Method3
TestNGClass3 : Method5
TestNGClass3 : Method6]]>
  </system-out>
</testsuite> <!-- testNGExecution.TestNGClass3 -->
